AList/app/build/intermediates/manifest_merge_blame_file/debug/manifest-merger-blame-debug-report.txt
1<?xml version="1.0" encoding="utf-8"?>
2<!--   ~ Copyright (c) 2023 Colin Walters.  All rights reserved. -->
3<manifest xmlns:android="http://schemas.android.com/apk/res/android"
4    package="com.myapp.alist"
5    android:installLocation="preferExternal"
6    android:versionCode="1"
7    android:versionName="1.0" >
8
9    <uses-sdk
10        android:minSdkVersion="16"
10-->src\main\AndroidManifest.xml
11        android:targetSdkVersion="33" />
11-->src\main\AndroidManifest.xml
12
13    <!--
14    Emulator doesn't like preferExternal.  Need to use the following instead when using the
15    emulators.
16    -->
17    <!-- android:installLocation="auto" > -->
18
19
20    <!-- Leave permissions for rate option. -->
21    <uses-permission android:name="android.permission.INTERNET" />
21-->src\main\AndroidManifest.xml:17:5-66
21-->src\main\AndroidManifest.xml:17:22-64
22    <uses-permission android:name="android.permission.ACCESS_NETWORK_STATE" />
22-->src\main\AndroidManifest.xml:18:5-78
22-->src\main\AndroidManifest.xml:18:22-76
23
24    <permission
24-->[androidx.core:core:1.9.0] AndroidManifest.xml:22:5-24:47
25        android:name="com.myapp.alist.DYNAMIC_RECEIVER_NOT_EXPORTED_PERMISSION"
25-->[androidx.core:core:1.9.0] AndroidManifest.xml:23:9-81
26        android:protectionLevel="signature" />
26-->[androidx.core:core:1.9.0] AndroidManifest.xml:24:9-44
27
28    <uses-permission android:name="com.myapp.alist.DYNAMIC_RECEIVER_NOT_EXPORTED_PERMISSION" /> <!-- The name of the application must match the name of the class BasicApplication. -->
28-->[androidx.core:core:1.9.0] AndroidManifest.xml:26:5-97
28-->[androidx.core:core:1.9.0] AndroidManifest.xml:26:22-94
29    <application
29-->src\main\AndroidManifest.xml:21:5-54:19
30        android:name="com.myapp.alist.BasicApplication"
30-->src\main\AndroidManifest.xml:22:9-56
31        android:allowBackup="true"
31-->src\main\AndroidManifest.xml:23:9-35
32        android:appComponentFactory="androidx.core.app.CoreComponentFactory"
32-->[androidx.core:core:1.9.0] AndroidManifest.xml:28:18-86
33        android:debuggable="true"
34        android:icon="@mipmap/ic_launcher"
34-->src\main\AndroidManifest.xml:24:9-43
35        android:label="@string/app_name"
35-->src\main\AndroidManifest.xml:25:9-41
36        android:roundIcon="@mipmap/ic_launcher_round"
36-->src\main\AndroidManifest.xml:26:9-54
37        android:testOnly="true"
38        android:theme="@style/AppTheme.NoActionBar" >
38-->src\main\AndroidManifest.xml:27:9-52
39        <activity
39-->src\main\AndroidManifest.xml:30:9-43:20
40            android:name="com.myapp.alist.ui.MainActivity"
40-->src\main\AndroidManifest.xml:31:13-59
41            android:exported="true" >
41-->src\main\AndroidManifest.xml:32:13-36
42            <intent-filter>
42-->src\main\AndroidManifest.xml:33:13-37:29
43                <action android:name="android.intent.action.MAIN" />
43-->src\main\AndroidManifest.xml:34:17-68
43-->src\main\AndroidManifest.xml:34:25-66
44
45                <category android:name="android.intent.category.LAUNCHER" />
45-->src\main\AndroidManifest.xml:36:17-76
45-->src\main\AndroidManifest.xml:36:27-74
46            </intent-filter>
47            <intent-filter>
47-->src\main\AndroidManifest.xml:38:13-42:29
48                <action android:name="android.intent.action.SEND" />
48-->src\main\AndroidManifest.xml:39:17-68
48-->src\main\AndroidManifest.xml:39:25-66
49
50                <category android:name="android.intent.category.DEFAULT" />
50-->src\main\AndroidManifest.xml:40:17-75
50-->src\main\AndroidManifest.xml:40:27-73
51
52                <data android:mimeType="text/plain" />
52-->src\main\AndroidManifest.xml:41:17-54
52-->src\main\AndroidManifest.xml:41:23-52
53            </intent-filter>
54        </activity>
55        <activity
55-->src\main\AndroidManifest.xml:44:9-48:20
56            android:name="com.myapp.alist.ui.HelpActivity"
56-->src\main\AndroidManifest.xml:45:13-59
57            android:label="@string/help"
57-->src\main\AndroidManifest.xml:46:13-41
58            android:parentActivityName="com.myapp.alist.ui.MainActivity" >
58-->src\main\AndroidManifest.xml:47:13-73
59        </activity>
60        <activity
60-->src\main\AndroidManifest.xml:49:9-53:20
61            android:name="com.myapp.alist.ui.AboutActivity"
61-->src\main\AndroidManifest.xml:50:13-60
62            android:label="@string/about"
62-->src\main\AndroidManifest.xml:51:13-42
63            android:parentActivityName="com.myapp.alist.ui.MainActivity" >
63-->src\main\AndroidManifest.xml:52:13-73
64        </activity>
65
66        <service
66-->[androidx.room:room-runtime:2.5.1] AndroidManifest.xml:24:9-28:63
67            android:name="androidx.room.MultiInstanceInvalidationService"
67-->[androidx.room:room-runtime:2.5.1] AndroidManifest.xml:25:13-74
68            android:directBootAware="true"
68-->[androidx.room:room-runtime:2.5.1] AndroidManifest.xml:26:13-43
69            android:exported="false" />
69-->[androidx.room:room-runtime:2.5.1] AndroidManifest.xml:27:13-37
70
71        <provider
71-->[androidx.emoji2:emoji2:1.2.0] AndroidManifest.xml:24:9-32:20
72            android:name="androidx.startup.InitializationProvider"
72-->[androidx.emoji2:emoji2:1.2.0] AndroidManifest.xml:25:13-67
73            android:authorities="com.myapp.alist.androidx-startup"
73-->[androidx.emoji2:emoji2:1.2.0] AndroidManifest.xml:26:13-68
74            android:exported="false" >
74-->[androidx.emoji2:emoji2:1.2.0] AndroidManifest.xml:27:13-37
75            <meta-data
75-->[androidx.emoji2:emoji2:1.2.0] AndroidManifest.xml:29:13-31:52
76                android:name="androidx.emoji2.text.EmojiCompatInitializer"
76-->[androidx.emoji2:emoji2:1.2.0] AndroidManifest.xml:30:17-75
77                android:value="androidx.startup" />
77-->[androidx.emoji2:emoji2:1.2.0] AndroidManifest.xml:31:17-49
78            <meta-data
78-->[androidx.lifecycle:lifecycle-process:2.4.1] AndroidManifest.xml:31:13-33:52
79                android:name="androidx.lifecycle.ProcessLifecycleInitializer"
79-->[androidx.lifecycle:lifecycle-process:2.4.1] AndroidManifest.xml:32:17-78
80                android:value="androidx.startup" />
80-->[androidx.lifecycle:lifecycle-process:2.4.1] AndroidManifest.xml:33:17-49
81        </provider>
82    </application>
83
84</manifest>